<?xml version="1.0" encoding="UTF-8"?>
<testng-results ignored="0" total="1" passed="0" failed="1" skipped="0">
  <reporter-output>
  </reporter-output>
  <suite started-at="2022-12-31T21:12:30 EET" name="Testing Telecommunication Provider" finished-at="2022-12-31T21:13:51 EET" duration-ms="81383">
    <groups>
    </groups>
    <test started-at="2022-12-31T21:12:30 EET" name="Smartphones" finished-at="2022-12-31T21:13:51 EET" duration-ms="81383">
      <class name="telecom.mobilfunk.SmartphoneTest">
        <test-method is-config="true" signature="setup()[pri:0, instance:telecom.mobilfunk.SmartphoneTest@23e44287]" started-at="2022-12-31T21:12:30 EET" name="setup" finished-at="2022-12-31T21:13:09 EET" duration-ms="39516" status="PASS">
          <reporter-output>
          </reporter-output>
        </test-method> <!-- setup -->
        <test-method is-config="true" signature="init()[pri:0, instance:telecom.mobilfunk.SmartphoneTest@23e44287]" started-at="2022-12-31T21:13:09 EET" name="init" finished-at="2022-12-31T21:13:09 EET" duration-ms="126" status="PASS">
          <reporter-output>
          </reporter-output>
        </test-method> <!-- init -->
        <test-method signature="test_smartphone_order_e2e(java.lang.String,java.lang.String,java.lang.String,java.lang.String,java.lang.String,java.lang.String,java.lang.String,java.lang.String,java.lang.String,java.lang.String,java.lang.String,java.lang.String,java.lang.String,java.lang.String,java.lang.String,java.lang.String,java.lang.String)[pri:0, instance:telecom.mobilfunk.SmartphoneTest@23e44287]" started-at="2022-12-31T21:13:09 EET" name="test_smartphone_order_e2e" description="Test e2e smartphone order process" finished-at="2022-12-31T21:13:49 EET" duration-ms="39999" status="FAIL">
          <params>
            <param index="0">
              <value>
                <![CDATA[iPhone 13]]>
              </value>
            </param>
            <param index="1">
              <value>
                <![CDATA[Blau]]>
              </value>
            </param>
            <param index="2">
              <value>
                <![CDATA[256 GB]]>
              </value>
            </param>
            <param index="3">
              <value>
                <![CDATA[Luffy]]>
              </value>
            </param>
            <param index="4">
              <value>
                <![CDATA[D Monkey]]>
              </value>
            </param>
            <param index="5">
              <value>
                <![CDATA[80331]]>
              </value>
            </param>
            <param index="6">
              <value>
                <![CDATA[München]]>
              </value>
            </param>
            <param index="7">
              <value>
                <![CDATA[Münzstraße]]>
              </value>
            </param>
            <param index="8">
              <value>
                <![CDATA[5]]>
              </value>
            </param>
            <param index="9">
              <value>
                <![CDATA[21]]>
              </value>
            </param>
            <param index="10">
              <value>
                <![CDATA[07]]>
              </value>
            </param>
            <param index="11">
              <value>
                <![CDATA[1992]]>
              </value>
            </param>
            <param index="12">
              <value>
                <![CDATA[lufffy33442@gmail.com]]>
              </value>
            </param>
            <param index="13">
              <value>
                <![CDATA[01514144106]]>
              </value>
            </param>
            <param index="14">
              <value>
                <![CDATA[Ägypten]]>
              </value>
            </param>
            <param index="15">
              <value>
                <![CDATA[test1234]]>
              </value>
            </param>
            <param index="16">
              <value>
                <![CDATA[shop]]>
              </value>
            </param>
          </params>
          <exception class="java.lang.AssertionError">
            <message>
              <![CDATA[expected [true] but found [false]]]>
            </message>
            <full-stacktrace>
              <![CDATA[java.lang.AssertionError: expected [true] but found [false]
at org.testng.Assert.fail(Assert.java:110)
at org.testng.Assert.failNotEquals(Assert.java:1413)
at org.testng.Assert.assertTrue(Assert.java:56)
at org.testng.Assert.assertTrue(Assert.java:66)
at telecom.mobilfunk.SmartphoneTest.test_smartphone_order_e2e(SmartphoneTest.java:45)
at java.base/jdk.internal.reflect.NativeMethodAccessorImpl.invoke0(Native Method)
at java.base/jdk.internal.reflect.NativeMethodAccessorImpl.invoke(NativeMethodAccessorImpl.java:62)
at java.base/jdk.internal.reflect.DelegatingMethodAccessorImpl.invoke(DelegatingMethodAccessorImpl.java:43)
at java.base/java.lang.reflect.Method.invoke(Method.java:566)
at org.testng.internal.invokers.MethodInvocationHelper.invokeMethod(MethodInvocationHelper.java:135)
at org.testng.internal.invokers.TestInvoker.invokeMethod(TestInvoker.java:673)
at org.testng.internal.invokers.TestInvoker.invokeTestMethod(TestInvoker.java:220)
at org.testng.internal.invokers.MethodRunner.runInSequence(MethodRunner.java:50)
at org.testng.internal.invokers.TestInvoker$MethodInvocationAgent.invoke(TestInvoker.java:945)
at org.testng.internal.invokers.TestInvoker.invokeTestMethods(TestInvoker.java:193)
at org.testng.internal.invokers.TestMethodWorker.invokeTestMethods(TestMethodWorker.java:146)
at org.testng.internal.invokers.TestMethodWorker.run(TestMethodWorker.java:128)
at java.base/java.util.ArrayList.forEach(ArrayList.java:1541)
at org.testng.TestRunner.privateRun(TestRunner.java:808)
at org.testng.TestRunner.run(TestRunner.java:603)
at org.testng.SuiteRunner.runTest(SuiteRunner.java:429)
at org.testng.SuiteRunner.runSequentially(SuiteRunner.java:423)
at org.testng.SuiteRunner.privateRun(SuiteRunner.java:383)
at org.testng.SuiteRunner.run(SuiteRunner.java:326)
at org.testng.SuiteRunnerWorker.runSuite(SuiteRunnerWorker.java:52)
at org.testng.SuiteRunnerWorker.run(SuiteRunnerWorker.java:95)
at org.testng.TestNG.runSuitesSequentially(TestNG.java:1249)
at org.testng.TestNG.runSuitesLocally(TestNG.java:1169)
at org.testng.TestNG.runSuites(TestNG.java:1092)
at org.testng.TestNG.run(TestNG.java:1060)
at org.apache.maven.surefire.testng.TestNGExecutor.run(TestNGExecutor.java:178)
at org.apache.maven.surefire.testng.TestNGXmlTestSuite.execute(TestNGXmlTestSuite.java:92)
at org.apache.maven.surefire.testng.TestNGProvider.invoke(TestNGProvider.java:96)
at java.base/jdk.internal.reflect.NativeMethodAccessorImpl.invoke0(Native Method)
at java.base/jdk.internal.reflect.NativeMethodAccessorImpl.invoke(NativeMethodAccessorImpl.java:62)
at java.base/jdk.internal.reflect.DelegatingMethodAccessorImpl.invoke(DelegatingMethodAccessorImpl.java:43)
at java.base/java.lang.reflect.Method.invoke(Method.java:566)
at org.apache.maven.surefire.util.ReflectionUtils.invokeMethodWithArray(ReflectionUtils.java:189)
at org.apache.maven.surefire.booter.ProviderFactory$ProviderProxy.invoke(ProviderFactory.java:165)
at org.apache.maven.surefire.booter.ProviderFactory.invokeProvider(ProviderFactory.java:85)
at org.apache.maven.surefire.booter.ForkedBooter.runSuitesInProcess(ForkedBooter.java:115)
at org.apache.maven.surefire.booter.ForkedBooter.main(ForkedBooter.java:75)
]]>
            </full-stacktrace>
          </exception> <!-- java.lang.AssertionError -->
          <reporter-output>
          </reporter-output>
        </test-method> <!-- test_smartphone_order_e2e -->
        <test-method is-config="true" signature="teardown()[pri:0, instance:telecom.mobilfunk.SmartphoneTest@23e44287]" started-at="2022-12-31T21:13:50 EET" name="teardown" finished-at="2022-12-31T21:13:51 EET" duration-ms="894" status="PASS">
          <reporter-output>
          </reporter-output>
        </test-method> <!-- teardown -->
      </class> <!-- telecom.mobilfunk.SmartphoneTest -->
    </test> <!-- Smartphones -->
  </suite> <!-- Testing Telecommunication Provider -->
</testng-results>
